Name                     Stmts   Miss  Cover   Missing
------------------------------------------------------
database.py                210     57    73%   157-158, 160-161, 251, 272, 361, 399-424, 442-470, 498-512, 516-536, 540-558
models.py                  111      4    96%   126, 130, 134, 137
tests\test_database.py      60      1    98%   98
tests\test_models.py        17      0   100%
tests\test_utils.py         44      0   100%
utils.py                    84      8    90%   49, 52, 87, 109, 128-130, 132
------------------------------------------------------
TOTAL                      526     70    87%